mode: set
mars-rover-simulator/main.go:22.36,24.2 1 1
mars-rover-simulator/main.go:37.33,39.2 1 1
mars-rover-simulator/main.go:41.34,43.2 1 1
mars-rover-simulator/main.go:45.49,46.15 1 1
mars-rover-simulator/main.go:47.13,48.27 1 1
mars-rover-simulator/main.go:48.27,50.4 1 1
mars-rover-simulator/main.go:51.12,52.26 1 1
mars-rover-simulator/main.go:52.26,54.4 1 1
mars-rover-simulator/main.go:55.13,56.14 1 1
mars-rover-simulator/main.go:56.14,58.4 1 1
mars-rover-simulator/main.go:59.12,60.14 1 1
mars-rover-simulator/main.go:60.14,62.4 1 1
mars-rover-simulator/main.go:66.41,67.11 1 1
mars-rover-simulator/main.go:68.11,69.15 1 1
mars-rover-simulator/main.go:70.11,71.14 1 1
mars-rover-simulator/main.go:72.11,73.15 1 1
mars-rover-simulator/main.go:74.11,75.14 1 1
mars-rover-simulator/main.go:76.10,77.29 1 1
mars-rover-simulator/main.go:81.13,83.16 2 1
mars-rover-simulator/main.go:83.16,84.13 1 0
mars-rover-simulator/main.go:86.2,92.21 5 1
mars-rover-simulator/main.go:92.21,94.17 2 1
mars-rover-simulator/main.go:94.17,95.12 1 0
mars-rover-simulator/main.go:98.3,98.16 1 1
mars-rover-simulator/main.go:98.16,103.12 5 1
mars-rover-simulator/main.go:107.3,114.22 6 1
mars-rover-simulator/main.go:114.22,115.9 1 0
mars-rover-simulator/main.go:117.3,118.36 2 1
mars-rover-simulator/main.go:118.36,119.15 1 1
mars-rover-simulator/main.go:120.13,121.21 1 1
mars-rover-simulator/main.go:122.13,123.22 1 1
mars-rover-simulator/main.go:124.13,125.29 1 1
mars-rover-simulator/main.go:129.3,132.9 2 1
mars-rover-simulator/main.go:135.2,135.38 1 1
mars-rover-simulator/main.go:135.38,138.13 2 0
